2026-04-22 12:05:46,656 INFO o.a.j.u.JMeterUtils: Setting Locale to en_EN
2026-04-22 12:05:46,688 INFO o.a.j.JMeter: Loading user properties from: C:\Users\pritn\apache-jmeter-5.6.3\apache-jmeter-5.6.3\bin\user.properties
2026-04-22 12:05:46,688 INFO o.a.j.JMeter: Loading system properties from: C:\Users\pritn\apache-jmeter-5.6.3\apache-jmeter-5.6.3\bin\system.properties
2026-04-22 12:05:46,688 INFO o.a.j.JMeter: Copyright (c) 1998-2024 The Apache Software Foundation
2026-04-22 12:05:46,688 INFO o.a.j.JMeter: Version 5.6.3
2026-04-22 12:05:46,688 INFO o.a.j.JMeter: java.version=17.0.10
2026-04-22 12:05:46,688 INFO o.a.j.JMeter: java.vm.name=OpenJDK 64-Bit Server VM
2026-04-22 12:05:46,688 INFO o.a.j.JMeter: os.name=Windows 11
2026-04-22 12:05:46,688 INFO o.a.j.JMeter: os.arch=amd64
2026-04-22 12:05:46,688 INFO o.a.j.JMeter: os.version=10.0
2026-04-22 12:05:46,688 INFO o.a.j.JMeter: file.encoding=Cp1252
2026-04-22 12:05:46,688 INFO o.a.j.JMeter: java.awt.headless=true
2026-04-22 12:05:46,688 INFO o.a.j.JMeter: Max memory     =1073741824
2026-04-22 12:05:46,688 INFO o.a.j.JMeter: Available Processors =16
2026-04-22 12:05:46,703 INFO o.a.j.JMeter: Default Locale=English (EN)
2026-04-22 12:05:46,703 INFO o.a.j.JMeter: JMeter  Locale=English (EN)
2026-04-22 12:05:46,703 INFO o.a.j.JMeter: JMeterHome=C:\Users\pritn\apache-jmeter-5.6.3\apache-jmeter-5.6.3
2026-04-22 12:05:46,703 INFO o.a.j.JMeter: user.dir  =C:\Users\pritn\Desktop\VScode projects\implementsel5\sel5
2026-04-22 12:05:46,703 INFO o.a.j.JMeter: PWD       =C:\Users\pritn\Desktop\VScode projects\implementsel5\sel5
2026-04-22 12:05:46,719 INFO o.a.j.JMeter: IP: 172.31.5.73 Name: HP FullName: 172.31.5.73
2026-04-22 12:05:46,735 INFO o.a.j.JMeter: Setting property 'jmeter.reportgenerator.outputdir' to:'C:\Users\pritn\Desktop\VScode projects\implementsel5\sel5\jmeter\reports'
2026-04-22 12:05:46,735 INFO o.a.j.s.FileServer: Default base='C:\Users\pritn\Desktop\VScode projects\implementsel5\sel5'
2026-04-22 12:05:46,751 INFO o.a.j.s.FileServer: Set new base='C:\Users\pritn\Desktop\VScode projects\implementsel5\sel5\jmeter'
2026-04-22 12:05:46,941 INFO o.a.j.s.SaveService: Testplan (JMX) version: 2.2. Testlog (JTL) version: 2.2
2026-04-22 12:05:46,979 INFO o.a.j.s.SaveService: Using SaveService properties version 5.0
2026-04-22 12:05:46,983 INFO o.a.j.s.SaveService: Using SaveService properties file encoding UTF-8
2026-04-22 12:05:46,987 INFO o.a.j.s.SaveService: Loading file: jmeter\test.jmx
2026-04-22 12:05:47,027 INFO o.a.j.p.h.s.HTTPSamplerBase: Parser for text/html is org.apache.jmeter.protocol.http.parser.LagartoBasedHtmlParser
2026-04-22 12:05:47,027 INFO o.a.j.p.h.s.HTTPSamplerBase: Parser for application/xhtml+xml is org.apache.jmeter.protocol.http.parser.LagartoBasedHtmlParser
2026-04-22 12:05:47,027 INFO o.a.j.p.h.s.HTTPSamplerBase: Parser for application/xml is org.apache.jmeter.protocol.http.parser.LagartoBasedHtmlParser
2026-04-22 12:05:47,027 INFO o.a.j.p.h.s.HTTPSamplerBase: Parser for text/xml is org.apache.jmeter.protocol.http.parser.LagartoBasedHtmlParser
2026-04-22 12:05:47,027 INFO o.a.j.p.h.s.HTTPSamplerBase: Parser for text/vnd.wap.wml is org.apache.jmeter.protocol.http.parser.RegexpHTMLParser
2026-04-22 12:05:47,027 INFO o.a.j.p.h.s.HTTPSamplerBase: Parser for text/css is org.apache.jmeter.protocol.http.parser.CssParser
2026-04-22 12:05:47,045 INFO o.a.j.JMeter: Creating summariser <summary>
2026-04-22 12:05:47,056 INFO o.a.j.r.d.ReportGenerator: ReportGenerator will use for Parsing the separator: ','
2026-04-22 12:05:47,056 INFO o.a.j.r.d.ReportGenerator: Will generate report at end of test from  results file: jmeter/results/result.jtl
2026-04-22 12:05:47,056 INFO o.a.j.r.d.ReportGenerator: Reading report generator properties from: C:\Users\pritn\apache-jmeter-5.6.3\apache-jmeter-5.6.3\bin\reportgenerator.properties
2026-04-22 12:05:47,057 INFO o.a.j.r.d.ReportGenerator: Merging with JMeter properties
2026-04-22 12:05:47,061 INFO o.a.j.r.c.ReportGeneratorConfiguration: Property 'jmeter.reportgenerator.temp_dir' not found, using default value 'temp' instead.
2026-04-22 12:05:47,065 INFO o.a.j.r.c.ReportGeneratorConfiguration: Property 'jmeter.reportgenerator.apdex_per_transaction' not found, using default value 'null' instead.
2026-04-22 12:05:47,065 INFO o.a.j.r.c.ReportGeneratorConfiguration: apdex_per_transaction is empty, not APDEX per transaction customization
2026-04-22 12:05:47,065 INFO o.a.j.r.c.ReportGeneratorConfiguration: Property 'jmeter.reportgenerator.sample_filter' not found, using default value 'null' instead.
2026-04-22 12:05:47,065 INFO o.a.j.r.c.ReportGeneratorConfiguration: Property 'jmeter.reportgenerator.report_title' not found, using default value 'null' instead.
2026-04-22 12:05:47,065 INFO o.a.j.r.c.ReportGeneratorConfiguration: Property 'jmeter.reportgenerator.start_date' not found, using default value 'null' instead.
2026-04-22 12:05:47,065 INFO o.a.j.r.c.ReportGeneratorConfiguration: Property 'jmeter.reportgenerator.end_date' not found, using default value 'null' instead.
2026-04-22 12:05:47,065 INFO o.a.j.r.c.ReportGeneratorConfiguration: Property 'jmeter.reportgenerator.date_format' not found, using default value 'null' instead.
2026-04-22 12:05:47,065 INFO o.a.j.r.c.ReportGeneratorConfiguration: Will use date range start date: null, end date: null
2026-04-22 12:05:47,065 INFO o.a.j.r.c.ReportGeneratorConfiguration: Property 'jmeter.reportgenerator.graph.totalTPS.exclude_controllers' not found, using default value 'false' instead.
2026-04-22 12:05:47,065 INFO o.a.j.r.c.ReportGeneratorConfiguration: Property 'jmeter.reportgenerator.graph.activeThreadsOverTime.exclude_controllers' not found, using default value 'false' instead.
2026-04-22 12:05:47,065 INFO o.a.j.r.c.ReportGeneratorConfiguration: Property 'jmeter.reportgenerator.graph.timeVsThreads.exclude_controllers' not found, using default value 'false' instead.
2026-04-22 12:05:47,065 INFO o.a.j.r.c.ReportGeneratorConfiguration: Property 'jmeter.reportgenerator.graph.responseTimeDistribution.exclude_controllers' not found, using default value 'false' instead.
2026-04-22 12:05:47,065 INFO o.a.j.r.c.ReportGeneratorConfiguration: Property 'jmeter.reportgenerator.graph.transactionsPerSecond.exclude_controllers' not found, using default value 'false' instead.
2026-04-22 12:05:47,065 INFO o.a.j.r.c.ReportGeneratorConfiguration: Property 'jmeter.reportgenerator.graph.responseTimePercentiles.exclude_controllers' not found, using default value 'false' instead.
2026-04-22 12:05:47,065 INFO o.a.j.r.c.ReportGeneratorConfiguration: Property 'jmeter.reportgenerator.graph.responseTimePercentilesOverTime.exclude_controllers' not found, using default value 'false' instead.
2026-04-22 12:05:47,065 INFO o.a.j.r.c.ReportGeneratorConfiguration: Property 'jmeter.reportgenerator.graph.responseTimesOverTime.exclude_controllers' not found, using default value 'false' instead.
2026-04-22 12:05:47,065 INFO o.a.j.r.c.ReportGeneratorConfiguration: Property 'jmeter.reportgenerator.graph.connectTimeOverTime.exclude_controllers' not found, using default value 'false' instead.
2026-04-22 12:05:47,065 INFO o.a.j.r.c.ReportGeneratorConfiguration: Property 'jmeter.reportgenerator.graph.latenciesOverTime.exclude_controllers' not found, using default value 'false' instead.
2026-04-22 12:05:47,065 INFO o.a.j.r.c.ReportGeneratorConfiguration: Property 'jmeter.reportgenerator.exporter.json.filters_only_sample_series' not found, using default value 'true' instead.
2026-04-22 12:05:47,065 INFO o.a.j.r.c.ReportGeneratorConfiguration: Property 'jmeter.reportgenerator.exporter.json.series_filter' not found, using default value '' instead.
2026-04-22 12:05:47,065 INFO o.a.j.r.c.ReportGeneratorConfiguration: Property 'jmeter.reportgenerator.exporter.json.show_controllers_only' not found, using default value 'false' instead.
2026-04-22 12:05:47,065 INFO o.a.j.r.c.ReportGeneratorConfiguration: Property 'jmeter.reportgenerator.exporter.html.filters_only_sample_series' not found, using default value 'true' instead.
2026-04-22 12:05:47,065 INFO o.a.j.r.c.ReportGeneratorConfiguration: Property 'jmeter.reportgenerator.exporter.html.series_filter' not found, using default value '' instead.
2026-04-22 12:05:47,065 INFO o.a.j.r.c.ReportGeneratorConfiguration: Property 'jmeter.reportgenerator.exporter.html.show_controllers_only' not found, using default value 'false' instead.
2026-04-22 12:05:47,076 INFO o.a.j.e.StandardJMeterEngine: Running the test!
2026-04-22 12:05:47,087 INFO o.a.j.s.SampleEvent: List of sample_variables: []
2026-04-22 12:05:47,087 INFO o.a.j.s.SampleEvent: List of sample_variables: []
2026-04-22 12:05:47,091 INFO o.a.j.e.u.CompoundVariable: Note: Function class names must contain the string: '.functions.'
2026-04-22 12:05:47,092 INFO o.a.j.e.u.CompoundVariable: Note: Function class names must not contain the string: '.gui.'
2026-04-22 12:05:47,194 INFO o.a.j.JMeter: Running test (1776839747194)
2026-04-22 12:05:47,212 INFO o.a.j.e.StandardJMeterEngine: Starting ThreadGroup: 1 : Users
2026-04-22 12:05:47,212 INFO o.a.j.e.StandardJMeterEngine: Starting 10 threads for group Users.
2026-04-22 12:05:47,212 INFO o.a.j.e.StandardJMeterEngine: Thread will continue on error
2026-04-22 12:05:47,212 INFO o.a.j.t.ThreadGroup: Starting thread group... number=1 threads=10 ramp-up=5 delayedStart=false
2026-04-22 12:05:47,222 INFO o.a.j.t.ThreadGroup: Started thread group number 1
2026-04-22 12:05:47,222 INFO o.a.j.e.StandardJMeterEngine: All thread groups have been started
2026-04-22 12:05:47,223 INFO o.a.j.t.JMeterThread: Thread started: Users 1-1
2026-04-22 12:05:47,241 INFO o.a.j.p.h.s.HTTPHCAbstractImpl: Local host = HP
2026-04-22 12:05:47,251 INFO o.a.j.p.h.s.HTTPHC4Impl: HTTP request retry count = 0
2026-04-22 12:05:47,254 INFO o.a.j.s.SampleResult: Note: Sample TimeStamps are START times
2026-04-22 12:05:47,254 INFO o.a.j.s.SampleResult: sampleresult.default.encoding is set to UTF-8
2026-04-22 12:05:47,254 INFO o.a.j.s.SampleResult: sampleresult.useNanoTime=true
2026-04-22 12:05:47,254 INFO o.a.j.s.SampleResult: sampleresult.nanoThreadSleep=5000
2026-04-22 12:05:47,384 INFO o.a.j.p.h.s.h.LazyLayeredConnectionSocketFactory: Setting up HTTPS TrustAll Socket Factory
2026-04-22 12:05:47,400 INFO o.a.j.u.JsseSSLManager: Using default SSL protocol: TLS
2026-04-22 12:05:47,400 INFO o.a.j.u.JsseSSLManager: SSL session context: per-thread
2026-04-22 12:05:47,654 INFO o.a.j.u.SSLManager: JmeterKeyStore Location:  type JKS
2026-04-22 12:05:47,664 INFO o.a.j.u.SSLManager: KeyStore created OK
2026-04-22 12:05:47,664 WARN o.a.j.u.SSLManager: Keystore file not found, loading empty keystore
2026-04-22 12:05:47,731 INFO o.a.j.t.JMeterThread: Thread started: Users 1-2
2026-04-22 12:05:48,241 INFO o.a.j.t.JMeterThread: Thread started: Users 1-3
2026-04-22 12:05:48,265 INFO o.a.j.t.JMeterThread: Thread is done: Users 1-1
2026-04-22 12:05:48,265 INFO o.a.j.t.JMeterThread: Thread is done: Users 1-2
2026-04-22 12:05:48,265 INFO o.a.j.t.JMeterThread: Thread finished: Users 1-1
2026-04-22 12:05:48,265 INFO o.a.j.t.JMeterThread: Thread finished: Users 1-2
2026-04-22 12:05:48,583 INFO o.a.j.t.JMeterThread: Thread is done: Users 1-3
2026-04-22 12:05:48,583 INFO o.a.j.t.JMeterThread: Thread finished: Users 1-3
2026-04-22 12:05:48,727 INFO o.a.j.t.JMeterThread: Thread started: Users 1-4
2026-04-22 12:05:49,101 INFO o.a.j.t.JMeterThread: Thread is done: Users 1-4
2026-04-22 12:05:49,101 INFO o.a.j.t.JMeterThread: Thread finished: Users 1-4
2026-04-22 12:05:49,219 INFO o.a.j.t.JMeterThread: Thread started: Users 1-5
2026-04-22 12:05:49,552 INFO o.a.j.t.JMeterThread: Thread is done: Users 1-5
2026-04-22 12:05:49,552 INFO o.a.j.t.JMeterThread: Thread finished: Users 1-5
2026-04-22 12:05:49,719 INFO o.a.j.t.JMeterThread: Thread started: Users 1-6
2026-04-22 12:05:50,030 INFO o.a.j.t.JMeterThread: Thread is done: Users 1-6
2026-04-22 12:05:50,031 INFO o.a.j.t.JMeterThread: Thread finished: Users 1-6
2026-04-22 12:05:50,218 INFO o.a.j.t.JMeterThread: Thread started: Users 1-7
2026-04-22 12:05:50,577 INFO o.a.j.t.JMeterThread: Thread is done: Users 1-7
2026-04-22 12:05:50,577 INFO o.a.j.t.JMeterThread: Thread finished: Users 1-7
2026-04-22 12:05:50,720 INFO o.a.j.t.JMeterThread: Thread started: Users 1-8
2026-04-22 12:05:51,045 INFO o.a.j.t.JMeterThread: Thread is done: Users 1-8
2026-04-22 12:05:51,045 INFO o.a.j.t.JMeterThread: Thread finished: Users 1-8
2026-04-22 12:05:51,221 INFO o.a.j.t.JMeterThread: Thread started: Users 1-9
2026-04-22 12:05:51,552 INFO o.a.j.t.JMeterThread: Thread is done: Users 1-9
2026-04-22 12:05:51,552 INFO o.a.j.t.JMeterThread: Thread finished: Users 1-9
2026-04-22 12:05:51,716 INFO o.a.j.t.JMeterThread: Thread started: Users 1-10
2026-04-22 12:05:52,047 INFO o.a.j.t.JMeterThread: Thread is done: Users 1-10
2026-04-22 12:05:52,047 INFO o.a.j.t.JMeterThread: Thread finished: Users 1-10
2026-04-22 12:05:52,047 INFO o.a.j.e.StandardJMeterEngine: Notifying test listeners of end of test
2026-04-22 12:05:52,047 INFO o.a.j.r.Summariser: summary =     10 in 00:00:05 =    2.1/s Avg:   415 Min:   310 Max:   920 Err:     0 (0.00%)
2026-04-22 12:05:52,047 INFO o.a.j.JMeter: Generating Dashboard
2026-04-22 12:05:52,047 INFO o.a.j.r.d.ReportGenerator: Flushing result collector before report Generation
2026-04-22 12:05:52,085 INFO o.a.j.r.p.NormalizerSampleConsumer: Using format, 'ms', to parse timeStamp field
2026-04-22 12:05:52,156 INFO o.a.j.r.p.AbstractSampleConsumer: class org.apache.jmeter.report.processor.AggregateConsumer#stopProducing(): beginDate produced 0 samples
2026-04-22 12:05:52,156 INFO o.a.j.r.p.AbstractSampleConsumer: class org.apache.jmeter.report.processor.AggregateConsumer#stopProducing(): endDate produced 0 samples
2026-04-22 12:05:52,159 INFO o.a.j.r.p.AbstractSampleConsumer: class org.apache.jmeter.report.processor.ApdexSummaryConsumer#stopProducing(): apdexSummary produced 0 samples
2026-04-22 12:05:52,159 INFO o.a.j.r.p.AbstractSampleConsumer: class org.apache.jmeter.report.processor.RequestsSummaryConsumer#stopProducing(): requestsSummary produced 0 samples
2026-04-22 12:05:52,168 INFO o.a.j.r.p.AbstractSampleConsumer: class org.apache.jmeter.report.processor.StatisticsSummaryConsumer#stopProducing(): statisticsSummary produced 0 samples
2026-04-22 12:05:52,171 INFO o.a.j.r.p.AbstractSampleConsumer: class org.apache.jmeter.report.processor.Top5ErrorsBySamplerConsumer#stopProducing(): top5ErrorsBySampler produced 0 samples
2026-04-22 12:05:52,171 INFO o.a.j.r.p.AbstractSampleConsumer: class org.apache.jmeter.report.processor.ErrorsSummaryConsumer#stopProducing(): errorsSummary produced 0 samples
2026-04-22 12:05:52,171 INFO o.a.j.r.p.AbstractSampleConsumer: class org.apache.jmeter.report.processor.graph.impl.HitsPerSecondGraphConsumer#stopProducing(): hitsPerSecond produced 0 samples
2026-04-22 12:05:52,188 INFO o.a.j.r.p.AbstractSampleConsumer: class org.apache.jmeter.report.processor.graph.impl.LatencyVSRequestGraphConsumer#stopProducing(): latencyVsRequest produced 0 samples
2026-04-22 12:05:52,188 INFO o.a.j.r.p.AbstractSampleConsumer: class org.apache.jmeter.report.processor.graph.impl.SyntheticResponseTimeDistributionGraphConsumer#stopProducing(): syntheticResponseTimeDistribution produced 0 samples
2026-04-22 12:05:52,188 INFO o.a.j.r.p.AbstractSampleConsumer: class org.apache.jmeter.report.processor.graph.impl.BytesThroughputGraphConsumer#stopProducing(): bytesThroughputOverTime produced 0 samples
2026-04-22 12:05:52,188 INFO o.a.j.r.p.AbstractSampleConsumer: class org.apache.jmeter.report.processor.graph.impl.CodesPerSecondGraphConsumer#stopProducing(): codesPerSecond produced 0 samples
2026-04-22 12:05:52,191 INFO o.a.j.r.p.AbstractSampleConsumer: class org.apache.jmeter.report.processor.graph.impl.ResponseTimeVSRequestGraphConsumer#stopProducing(): responseTimeVsRequest produced 0 samples
2026-04-22 12:05:52,191 INFO o.a.j.r.p.AbstractSampleConsumer: class org.apache.jmeter.report.processor.FilterConsumer#stopProducing(): startIntervalControlerFilter produced 70 samples
2026-04-22 12:05:52,191 INFO o.a.j.r.p.AbstractSampleConsumer: class org.apache.jmeter.report.processor.graph.impl.TotalTPSGraphConsumer#stopProducing(): totalTPS produced 0 samples
2026-04-22 12:05:52,195 INFO o.a.j.r.p.AbstractSampleConsumer: class org.apache.jmeter.report.processor.graph.impl.ActiveThreadsGraphConsumer#stopProducing(): activeThreadsOverTime produced 0 samples
2026-04-22 12:05:52,195 INFO o.a.j.r.p.AbstractSampleConsumer: class org.apache.jmeter.report.processor.graph.impl.TimeVSThreadGraphConsumer#stopProducing(): timeVsThreads produced 0 samples
2026-04-22 12:05:52,195 INFO o.a.j.r.p.AbstractSampleConsumer: class org.apache.jmeter.report.processor.graph.impl.ResponseTimeDistributionGraphConsumer#stopProducing(): responseTimeDistribution produced 0 samples
2026-04-22 12:05:52,195 INFO o.a.j.r.p.AbstractSampleConsumer: class org.apache.jmeter.report.processor.graph.impl.TransactionsPerSecondGraphConsumer#stopProducing(): transactionsPerSecond produced 0 samples
2026-04-22 12:05:52,195 INFO o.a.j.r.p.AbstractSampleConsumer: class org.apache.jmeter.report.processor.graph.impl.ResponseTimePercentilesGraphConsumer#stopProducing(): responseTimePercentiles produced 0 samples
2026-04-22 12:05:52,195 INFO o.a.j.r.p.AbstractSampleConsumer: class org.apache.jmeter.report.processor.graph.impl.ResponseTimePercentilesOverTimeGraphConsumer#stopProducing(): responseTimePercentilesOverTime produced 0 samples
2026-04-22 12:05:52,195 INFO o.a.j.r.p.AbstractSampleConsumer: class org.apache.jmeter.report.processor.graph.impl.ResponseTimeOverTimeGraphConsumer#stopProducing(): responseTimesOverTime produced 0 samples
2026-04-22 12:05:52,195 INFO o.a.j.r.p.AbstractSampleConsumer: class org.apache.jmeter.report.processor.graph.impl.ConnectTimeOverTimeGraphConsumer#stopProducing(): connectTimeOverTime produced 0 samples
2026-04-22 12:05:52,195 INFO o.a.j.r.p.AbstractSampleConsumer: class org.apache.jmeter.report.processor.graph.impl.LatencyOverTimeGraphConsumer#stopProducing(): latenciesOverTime produced 0 samples
2026-04-22 12:05:52,195 INFO o.a.j.r.p.AbstractSampleConsumer: class org.apache.jmeter.report.processor.FilterConsumer#stopProducing(): nameFilter produced 150 samples
2026-04-22 12:05:52,195 INFO o.a.j.r.p.AbstractSampleConsumer: class org.apache.jmeter.report.processor.FilterConsumer#stopProducing(): dateRangeFilter produced 30 samples
2026-04-22 12:05:52,195 INFO o.a.j.r.p.AbstractSampleConsumer: class org.apache.jmeter.report.processor.NormalizerSampleConsumer#stopProducing(): normalizer produced 10 samples
2026-04-22 12:05:52,195 INFO o.a.j.r.p.CsvFileSampleSource: produce(): 10 samples produced in 79ms on channel 0
2026-04-22 12:05:52,195 INFO o.a.j.r.d.ReportGenerator: Exporting data using exporter:'json' of className:'org.apache.jmeter.report.dashboard.JsonExporter'
2026-04-22 12:05:52,318 INFO o.a.j.r.d.JsonExporter: Found data for consumer statisticsSummary in context
2026-04-22 12:05:52,318 INFO o.a.j.r.d.JsonExporter: Creating statistics for overall
2026-04-22 12:05:52,318 INFO o.a.j.r.d.JsonExporter: Creating statistics for other transactions
2026-04-22 12:05:52,318 INFO o.a.j.r.d.JsonExporter: Checking output folder
2026-04-22 12:05:52,318 INFO o.a.j.r.d.JsonExporter: Writing statistics JSON to C:\Users\pritn\Desktop\VScode projects\implementsel5\sel5\jmeter\reports\statistics.json
2026-04-22 12:05:52,358 INFO o.a.j.r.d.ReportGenerator: Exporting data using exporter:'html' of className:'org.apache.jmeter.report.dashboard.HtmlTemplateExporter'
2026-04-22 12:05:52,358 INFO o.a.j.r.d.HtmlTemplateExporter: Will generate dashboard in folder: C:\Users\pritn\Desktop\VScode projects\implementsel5\sel5\jmeter\reports
2026-04-22 12:05:52,469 INFO o.a.j.r.d.HtmlTemplateExporter: Report will be generated in: C:\Users\pritn\Desktop\VScode projects\implementsel5\sel5\jmeter\reports, creating folder structure
2026-04-22 12:05:52,485 INFO o.a.j.r.d.TemplateVisitor: Copying folder from 'C:\Users\pritn\apache-jmeter-5.6.3\apache-jmeter-5.6.3\bin\report-template' to 'C:\Users\pritn\Desktop\VScode projects\implementsel5\sel5\jmeter\reports', got message: C:\Users\pritn\Desktop\VScode projects\implementsel5\sel5\jmeter\reports, found non empty folder with following content [C:\Users\pritn\Desktop\VScode projects\implementsel5\sel5\jmeter\reports\statistics.json], will be ignored
2026-04-22 12:05:53,106 INFO o.a.j.JMeter: Dashboard generated
